<?xml version="1.0" encoding="UTF-8"?>
<testng-results skipped="0" failed="0" ignored="2" total="4" passed="2">
  <reporter-output>
  </reporter-output>
  <suite name="Suite" duration-ms="75170" started-at="2019-04-12T04:55:23Z" finished-at="2019-04-12T04:56:38Z">
    <groups>
    </groups>
    <test name="Test" duration-ms="75170" started-at="2019-04-12T04:55:23Z" finished-at="2019-04-12T04:56:38Z">
      <class name="testScripts.Module2">
        <test-method status="PASS" signature="BeforeClass()[pri:0, instance:testScripts.Module2@7d907bac]" name="BeforeClass" is-config="true" duration-ms="66" started-at="2019-04-12T04:56:09Z" finished-at="2019-04-12T04:56:09Z">
          <reporter-output>
          </reporter-output>
        </test-method> <!-- BeforeClass -->
        <test-method status="PASS" signature="beforemethod(java.lang.reflect.Method)[pri:0, instance:testScripts.Module2@7d907bac]" name="beforemethod" is-config="true" duration-ms="40" started-at="2019-04-12T04:56:09Z" finished-at="2019-04-12T04:56:09Z">
          <params>
            <param index="0">
              <value>
                <![CDATA[public void testScripts.Module2.TC201()]]>
              </value>
            </param>
          </params>
          <reporter-output>
          </reporter-output>
        </test-method> <!-- beforemethod -->
        <test-method status="PASS" signature="TC201()[pri:0, instance:testScripts.Module2@7d907bac]" name="TC201" duration-ms="29064" started-at="2019-04-12T04:56:09Z" finished-at="2019-04-12T04:56:38Z">
          <reporter-output>
          </reporter-output>
        </test-method> <!-- TC201 -->
        <test-method status="PASS" signature="aftermethod(org.testng.ITestResult)[pri:0, instance:testScripts.Module2@7d907bac]" name="aftermethod" is-config="true" duration-ms="110" started-at="2019-04-12T04:56:38Z" finished-at="2019-04-12T04:56:38Z">
          <params>
            <param index="0">
              <value>
                <![CDATA[[TestResult name=TC201 status=SUCCESS method=Module2.TC201()[pri:0, instance:testScripts.Module2@7d907bac] output={null}]]]>
              </value>
            </param>
          </params>
          <reporter-output>
          </reporter-output>
        </test-method> <!-- aftermethod -->
        <test-method status="PASS" signature="AfterClass()[pri:0, instance:testScripts.Module2@7d907bac]" name="AfterClass" is-config="true" duration-ms="0" started-at="2019-04-12T04:56:38Z" finished-at="2019-04-12T04:56:38Z">
          <reporter-output>
          </reporter-output>
        </test-method> <!-- AfterClass -->
      </class> <!-- testScripts.Module2 -->
      <class name="testScripts.Module1">
        <test-method status="PASS" signature="beforesuite()[pri:0, instance:testScripts.Module1@1f28c152]" name="beforesuite" is-config="true" duration-ms="376" started-at="2019-04-12T04:55:23Z" finished-at="2019-04-12T04:55:23Z">
          <reporter-output>
          </reporter-output>
        </test-method> <!-- beforesuite -->
        <test-method status="PASS" signature="BeforeClass()[pri:0, instance:testScripts.Module1@1f28c152]" name="BeforeClass" is-config="true" duration-ms="1172" started-at="2019-04-12T04:55:23Z" finished-at="2019-04-12T04:55:24Z">
          <reporter-output>
          </reporter-output>
        </test-method> <!-- BeforeClass -->
        <test-method status="PASS" signature="beforemethod(java.lang.reflect.Method)[pri:0, instance:testScripts.Module1@1f28c152]" name="beforemethod" is-config="true" duration-ms="172" started-at="2019-04-12T04:55:24Z" finished-at="2019-04-12T04:55:24Z">
          <params>
            <param index="0">
              <value>
                <![CDATA[public void testScripts.Module1.TC101()]]>
              </value>
            </param>
          </params>
          <reporter-output>
          </reporter-output>
        </test-method> <!-- beforemethod -->
        <test-method status="PASS" signature="TC101()[pri:0, instance:testScripts.Module1@1f28c152]" name="TC101" duration-ms="43884" started-at="2019-04-12T04:55:24Z" finished-at="2019-04-12T04:56:08Z">
          <reporter-output>
          </reporter-output>
        </test-method> <!-- TC101 -->
        <test-method status="PASS" signature="aftermethod(org.testng.ITestResult)[pri:0, instance:testScripts.Module1@1f28c152]" name="aftermethod" is-config="true" duration-ms="595" started-at="2019-04-12T04:56:08Z" finished-at="2019-04-12T04:56:09Z">
          <params>
            <param index="0">
              <value>
                <![CDATA[[TestResult name=TC101 status=SUCCESS method=Module1.TC101()[pri:0, instance:testScripts.Module1@1f28c152] output={null}]]]>
              </value>
            </param>
          </params>
          <reporter-output>
          </reporter-output>
        </test-method> <!-- aftermethod -->
        <test-method status="PASS" signature="AfterClass()[pri:0, instance:testScripts.Module1@1f28c152]" name="AfterClass" is-config="true" duration-ms="0" started-at="2019-04-12T04:56:09Z" finished-at="2019-04-12T04:56:09Z">
          <reporter-output>
          </reporter-output>
        </test-method> <!-- AfterClass -->
        <test-method status="PASS" signature="aftersuite()[pri:0, instance:testScripts.Module1@1f28c152]" name="aftersuite" is-config="true" duration-ms="6955" started-at="2019-04-12T04:56:38Z" finished-at="2019-04-12T04:56:45Z">
          <reporter-output>
          </reporter-output>
        </test-method> <!-- aftersuite -->
      </class> <!-- testScripts.Module1 -->
    </test> <!-- Test -->
  </suite> <!-- Suite -->
</testng-results>
